[30Aug2025 00:02:24.763] [Netty Epoll Server IO #1/WARN] [mixin/]: @ModifyConstant conflict. Skipping connectivity.mixins.json:PacketEncoderMixin->@ModifyConstant::modifyLimit(ILio/netty/channel/ChannelHandlerContext;Lnet/minecraft/network/protocol/Packet;Lio/netty/buffer/ByteBuf;)I with priority 1000, already redirected by packetfixer-common.mixins.json:PacketEncoderMixin->@ModifyConstant::newSize(I)I with priority 9999
[30Aug2025 00:02:30.261] [Server thread/INFO] [net.minecraft.server.players.PlayerList/]: Elishy_[/127.95.42.133:50661] logged in with entity id 259 at (444.3588501440548, 56.0, -765.7487788649017)
[30Aug2025 00:02:30.361] [Server thread/INFO] [ModernFix/]: Using enhanced recipe sync for player Elishy_
[30Aug2025 00:02:30.418] [Server thread/INFO] [net.minecraft.server.MinecraftServer/]: Elishy_ joined the game
[30Aug2025 00:02:30.595] [Netty Epoll Server IO #2/INFO] [immersiveengineering/]: Recipes for potions: minecraft:strong_healing, alexsmobs:clinging, minecraft:long_fire_resistance, minecraft:strength, minecraft:long_slowness, minecraft:long_weakness, mutantmonsters:chemical_x, minecraft:long_turtle_master, minecraft:harming, alexsmobs:poison_resistance, alexsmobs:speed_iii, alexsmobs:long_bug_pheromones, minecraft:long_regeneration, parcool:poor_energy_drink, minecraft:slow_falling, alexsmobs:long_lava_vision, cold_sweat:ice_resistance, minecraft:slowness, alexsmobs:long_poison_resistance, minecraft:swiftness, minecraft:strong_swiftness, minecraft:long_strength, minecraft:long_swiftness, minecraft:long_slow_falling, minecraft:long_poison, minecraft:long_water_breathing, minecraft:leaping, minecraft:strong_leaping, minecraft:regeneration, alexsmobs:long_soulsteal, minecraft:strong_slowness, alexsmobs:lava_vision, minecraft:strong_regeneration, minecraft:water_breathing, minecraft:fire_resistance, cold_sweat:long_ice_resistance, alexsmobs:bug_pheromones, alexsmobs:long_clinging, parcool:energy_drink, minecraft:long_leaping, minecraft:healing, alexsmobs:strong_soulsteal, minecraft:long_invisibility, alexsmobs:knockback_resistance, minecraft:water, alexsmobs:long_knockback_resistance, minecraft:strong_strength, minecraft:invisibility, minecraft:turtle_master, minecraft:awkward, minecraft:strong_harming, minecraft:strong_turtle_master, minecraft:night_vision, minecraft:poison, minecraft:weakness, alexsmobs:soulsteal, alexsmobs:strong_knockback_resistance, minecraft:strong_poison, minecraft:long_night_vision
[30Aug2025 00:02:30.628] [Server thread/INFO] [dev.corgitaco.enhancedcelestials.EnhancedCelestials/]: Possible lunar events for dimension "minecraft:overworld" are [enhancedcelestials:super_blue_moon, enhancedcelestials:super_harvest_moon, enhancedcelestials:super_blood_moon, enhancedcelestials:blue_moon, enhancedcelestials:harvest_moon, enhancedcelestials:blood_moon, enhancedcelestials:super_moon].
[30Aug2025 00:02:30.645] [Server thread/INFO] [fallingtrees | Config/]: Sending common config 'fallingtrees:fallingtrees_common' to Elishy_
[30Aug2025 00:02:31.504] [Netty Epoll Server IO #2/INFO] [fallingtrees | Config/]: Received client config 'fallingtrees:fallingtrees_client' from Elishy_
[30Aug2025 00:02:31.570] [Server thread/INFO] [voicechat/]: [voicechat] Received secret request of Elishy_ (18)
[30Aug2025 00:02:31.572] [Server thread/INFO] [voicechat/]: [voicechat] Sent secret to Elishy_
[30Aug2025 00:02:31.673] [Server thread/INFO] [com.alrex.parcool.ParCool/]: Limitation of 7ed74cf1-6ee8-3ff2-8e78-71af1bd89aa3 was loaded
[30Aug2025 00:02:31.674] [Server thread/INFO] [com.alrex.parcool.ParCool/]: Sent Server Limitation of [Elishy_]
[30Aug2025 00:02:31.674] [Server thread/INFO] [com.alrex.parcool.ParCool/]: Received Client Information of [Elishy_]
[30Aug2025 00:02:33.445] [Server thread/WARN] [net.minecraft.server.MinecraftServer/]: Can't keep up! Is the server overloaded? Running 2038ms or 40 ticks behind
[30Aug2025 00:03:10.475] [Server thread/INFO] [net.minecraft.server.players.PlayerList/]: BlaseTK[/127.100.128.26:53123] logged in with entity id 578 at (435.80315616306495, 53.0, -766.6230912249115)
[30Aug2025 00:03:10.490] [Server thread/INFO] [ModernFix/]: Using enhanced recipe sync for player BlaseTK
[30Aug2025 00:03:10.509] [Server thread/INFO] [net.minecraft.server.MinecraftServer/]: BlaseTK joined the game
[30Aug2025 00:03:10.560] [Server thread/INFO] [fallingtrees | Config/]: Sending common config 'fallingtrees:fallingtrees_common' to BlaseTK
[30Aug2025 00:03:11.508] [Netty Epoll Server IO #4/INFO] [fallingtrees | Config/]: Received client config 'fallingtrees:fallingtrees_client' from BlaseTK
[30Aug2025 00:03:11.585] [Server thread/INFO] [voicechat/]: [voicechat] Received secret request of BlaseTK (18)
[30Aug2025 00:03:11.586] [Server thread/INFO] [voicechat/]: [voicechat] Sent secret to BlaseTK
[30Aug2025 00:03:11.626] [Server thread/INFO] [com.alrex.parcool.ParCool/]: Limitation of 25537c07-713d-3925-9844-014a82514044 was loaded
[30Aug2025 00:03:11.627] [Server thread/INFO] [com.alrex.parcool.ParCool/]: Sent Server Limitation of [BlaseTK]
[30Aug2025 00:03:11.627] [Server thread/INFO] [com.alrex.parcool.ParCool/]: Received Client Information of [BlaseTK]
[30Aug2025 00:04:22.129] [Server thread/WARN] [waterframes/]: Server seems overloading, jumping 3262ms or 65 ticks
